<?xml version="1.0" encoding="UTF-8"?>
<!-- Generated by org.testng.reporters.JUnitReportReporter -->
<testsuite hostname="lenovo-pc" failures="0" tests="1" name="Tests.Test2" time="114.132" errors="0" timestamp="2022-11-21T06:52:34 IST" skipped="0">
  <testcase classname="Tests.Test2" name="test2" time="114.132"/>
  <system-out/>
</testsuite> <!-- Tests.Test2 -->
