<?xml version="1.0" encoding="UTF-8"?>
<!-- Generated by org.testng.reporters.JUnitReportReporter -->
<testsuite hostname="lenovo-pc" failures="0" tests="1" name="Tests.Test3" time="119.108" errors="0" timestamp="2022-11-21T06:52:34 IST" skipped="0">
  <testcase classname="Tests.Test3" name="test3" time="119.108"/>
  <system-out/>
</testsuite> <!-- Tests.Test3 -->
